2023-07-02 14:23:29 INFO: Configuration loaded from [xquota.conf]
2023-07-02 14:23:29 INFO: Daemon started.
2023-07-02 14:23:29 INFO: State loaded.
2023-07-02 14:23:39 INFO: Configuration loaded from [xquota.conf]
2023-07-02 14:23:39 INFO: Daemon started.
2023-07-02 14:23:39 INFO: State loaded.
2023-07-02 14:23:39 INFO: switching to uid=1000
2023-07-02 14:23:39 CRITICAL: Exception in main
Traceback (most recent call last):
  File "/home/oda/dev/xquota/./xquota", line 469, in <module>
    main()
  File "/home/oda/dev/xquota/./xquota", line 456, in main
    daemon()
  File "/home/oda/dev/xquota/./xquota", line 429, in daemon
    control()
  File "/home/oda/dev/xquota/./xquota", line 405, in control
    notifyuser(users[uid], 'Ограничение по времени, выход в консоль через 30 секунд.')
  File "/home/oda/dev/xquota/./xquota", line 96, in notifyuser
    env[k] = os.environ[k]
             ~~~~~~~~~~^^^
  File "<frozen os>", line 679, in __getitem__
KeyError: 'P'
2023-07-02 14:23:56 INFO: Configuration loaded from [xquota.conf]
2023-07-02 14:23:56 INFO: Daemon started.
2023-07-02 14:23:56 INFO: State loaded.
2023-07-02 14:23:56 INFO: switching to uid=1000
2023-07-02 14:23:56 CRITICAL: Exception in main
Traceback (most recent call last):
  File "/home/oda/dev/xquota/./xquota", line 469, in <module>
    main()
  File "/home/oda/dev/xquota/./xquota", line 456, in main
    daemon()
  File "/home/oda/dev/xquota/./xquota", line 429, in daemon
    control()
  File "/home/oda/dev/xquota/./xquota", line 405, in control
    notifyuser(users[uid], 'Ограничение по времени, выход в консоль через 30 секунд.')
  File "/home/oda/dev/xquota/./xquota", line 96, in notifyuser
    env[k] = os.environ[k]
             ~~~~~~~~~~^^^
  File "<frozen os>", line 679, in __getitem__
KeyError: 'P'
2023-07-02 14:24:16 INFO: Configuration loaded from [xquota.conf]
2023-07-02 14:24:16 INFO: Daemon started.
2023-07-02 14:24:16 INFO: State loaded.
2023-07-02 14:24:17 INFO: switching to uid=1000
2023-07-02 14:24:44 INFO: Configuration loaded from [xquota.conf]
2023-07-02 14:24:44 INFO: Daemon started.
2023-07-02 14:24:44 INFO: State loaded.
2023-07-02 14:24:44 INFO: switching to uid=1000
2023-07-02 14:24:58 INFO: Configuration loaded from [xquota.conf]
2023-07-02 14:24:58 INFO: Daemon started.
2023-07-02 14:24:58 INFO: State loaded.
2023-07-02 14:24:58 INFO: switching to uid=1000
2023-07-02 14:25:32 INFO: Configuration loaded from [xquota.conf]
2023-07-02 14:25:32 INFO: Daemon started.
2023-07-02 14:25:32 INFO: State loaded.
2023-07-02 14:25:32 INFO: switching to uid=1000
2023-07-02 14:25:44 INFO: Configuration loaded from [xquota.conf]
2023-07-02 14:25:44 INFO: Daemon started.
2023-07-02 14:25:45 INFO: State loaded.
2023-07-02 14:25:45 INFO: switching to uid=1000
2023-07-02 14:25:52 INFO: Configuration loaded from [xquota.conf]
2023-07-02 14:25:52 INFO: Daemon started.
2023-07-02 14:25:52 INFO: State loaded.
2023-07-02 14:25:52 INFO: switching to uid=1000
2023-07-02 15:12:14 INFO: Configuration loaded from [xquota.conf]
2023-07-02 15:12:14 INFO: Daemon started.
2023-07-02 15:12:14 INFO: State loaded.
2023-07-02 15:12:14 INFO: switching to uid=1000
2023-07-02 15:13:04 INFO: Configuration loaded from [xquota.conf]
2023-07-02 15:13:04 INFO: Daemon started.
2023-07-02 15:13:04 INFO: State loaded.
2023-07-02 15:13:04 INFO: switching to uid=1000
2023-07-02 17:15:17 INFO: Configuration loaded from [xquota.conf]
2023-07-02 17:15:17 INFO: Daemon started.
2023-07-02 17:15:17 INFO: State loaded.
2023-07-02 17:15:22 INFO: Saving state.
2023-07-02 17:15:47 INFO: Configuration loaded from [xquota.conf]
2023-07-02 17:15:47 INFO: Daemon started.
2023-07-02 17:15:47 INFO: State loaded.
2023-07-02 17:15:47 INFO: switching to uid=1000
2023-07-02 17:15:47 INFO: home=/home/oda
2023-07-02 17:22:00 INFO: Configuration loaded from [xquota.conf]
2023-07-02 17:22:00 INFO: Daemon started.
2023-07-02 17:22:00 INFO: State loaded.
2023-07-02 17:22:00 INFO: switching to uid=1000
2023-07-02 17:22:00 INFO: home=/home/oda
2023-07-02 17:22:00 ERROR: need root to notify other users.
2023-07-02 17:23:05 INFO: Configuration loaded from [xquota.conf]
2023-07-02 17:23:05 INFO: Daemon started.
2023-07-02 17:23:05 INFO: State loaded.
2023-07-02 17:23:05 INFO: switching to uid=1000
2023-07-02 17:23:05 INFO: home=/home/oda
2023-07-02 17:23:05 ERROR: need root to notify other users.
Traceback (most recent call last):
  File "/home/oda/dev/xquota/./xquota", line 109, in notifyuser
    os.setuid(uid0)
PermissionError: [Errno 1] Operation not permitted
2023-07-02 18:18:33 INFO: Configuration loaded from [xquota.conf]
2023-07-02 18:18:33 INFO: Daemon started.
2023-07-02 18:18:33 INFO: State loaded.
2023-07-02 18:18:33 DEBUG: switching to uid=1000
2023-07-02 18:21:06 INFO: Configuration loaded from [xquota.conf]
2023-07-02 18:21:06 INFO: Daemon started.
2023-07-02 18:21:06 INFO: State loaded.
2023-07-02 18:21:06 DEBUG: parent uid=0
2023-07-02 18:21:06 DEBUG: child uid=0
2023-07-02 18:23:02 INFO: Configuration loaded from [xquota.conf]
2023-07-02 18:23:02 INFO: Daemon started.
2023-07-02 18:23:02 INFO: State loaded.
2023-07-02 18:23:02 DEBUG: parent uid=9917
2023-07-02 18:23:02 DEBUG: child uid=9919
2023-07-02 18:23:02 DEBUG: switching to uid=0
2023-07-02 18:32:10 INFO: Configuration loaded from [xquota.conf]
2023-07-02 18:32:10 INFO: Daemon started.
2023-07-02 18:32:10 INFO: State loaded.
2023-07-02 18:32:10 DEBUG: child uid=10754
2023-07-02 18:32:10 DEBUG: switching to uid=0
2023-07-02 18:32:44 INFO: Configuration loaded from [xquota.conf]
2023-07-02 18:32:44 INFO: Daemon started.
2023-07-02 18:32:44 INFO: State loaded.
2023-07-02 18:32:44 DEBUG: child uid=10811
2023-07-02 18:32:44 DEBUG: switching to uid=1000
2023-07-02 18:33:45 INFO: Configuration loaded from [xquota.conf]
2023-07-02 18:33:45 INFO: Daemon started.
2023-07-02 18:33:45 INFO: State loaded.
2023-07-02 18:33:45 DEBUG: child uid=10902
2023-07-02 18:33:45 DEBUG: switching to uid=1000
2023-07-15 19:21:04 INFO: Configuration loaded from [xquota.conf]
2023-07-15 19:21:04 INFO: State loaded.
2023-07-15 19:29:36 INFO: Configuration loaded from [xquota.conf]
2023-07-15 19:29:36 CRITICAL: Exception in main
Traceback (most recent call last):
  File "/home/oda/dev/xquota/./xquota", line 480, in <module>
    main()
  File "/home/oda/dev/xquota/./xquota", line 474, in main
    newrules()
  File "/home/oda/dev/xquota/./xquota", line 305, in newrules
    rules.sort(key=lambda r: r.end)
  File "/home/oda/dev/xquota/./xquota", line 305, in <lambda>
    rules.sort(key=lambda r: r.end)
                             ^^^^^
AttributeError: 'NoneType' object has no attribute 'end'
2023-07-15 19:30:40 INFO: Configuration loaded from [xquota.conf]
2023-07-15 19:30:40 CRITICAL: Exception in main
Traceback (most recent call last):
  File "/home/oda/dev/xquota/./xquota", line 480, in <module>
    main()
  File "/home/oda/dev/xquota/./xquota", line 474, in main
    newrules()
  File "/home/oda/dev/xquota/./xquota", line 305, in newrules
    rules.sort(key=lambda r: r.end)
  File "/home/oda/dev/xquota/./xquota", line 305, in <lambda>
    rules.sort(key=lambda r: r.end)
                             ^^^^^
AttributeError: 'NoneType' object has no attribute 'end'
2023-07-15 19:36:13 INFO: Configuration loaded from [xquota.conf]
2023-07-15 19:36:13 INFO: State loaded.
2023-07-15 19:39:13 INFO: Configuration loaded from [xquota.conf]
2023-07-15 19:39:13 INFO: State loaded.
2023-07-15 19:39:23 INFO: Configuration loaded from [xquota.conf]
2023-07-15 19:39:23 INFO: Unused add=-10
2023-07-15 19:39:23 INFO: State loaded.
2023-07-15 19:39:53 INFO: Configuration loaded from [xquota.conf]
2023-07-15 19:39:53 INFO: Unused add time=-10
2023-07-15 19:39:53 INFO: State loaded.
2023-07-15 19:51:07 INFO: Configuration loaded from [xquota.conf]
2023-07-15 19:51:07 CRITICAL: Exception in main
Traceback (most recent call last):
  File "/home/oda/dev/xquota/./xquota", line 490, in <module>
    main()
  File "/home/oda/dev/xquota/./xquota", line 484, in main
    newrules()
  File "/home/oda/dev/xquota/./xquota", line 314, in newrules
    rules = parserules(rulestext)
            ^^^^^^^^^^^^^^^^^^^^^
  File "/home/oda/dev/xquota/./xquota", line 306, in parserules
    exec(txt)
  File "<string>", line 12, in <module>
  File "/home/oda/dev/xquota/./xquota", line 284, in rule
    add = totaladd // addparts
                      ^^^^^^^^
UnboundLocalError: cannot access local variable 'addparts' where it is not associated with a value
2023-07-15 19:53:03 INFO: Configuration loaded from [xquota.conf]
2023-07-15 19:53:03 INFO: Unused add time=-10
2023-07-15 19:53:03 INFO: State loaded.
2023-07-15 19:54:38 INFO: Configuration loaded from [xquota.conf]
2023-07-15 19:54:38 INFO: Unused add time=-10
2023-07-15 19:54:38 INFO: State loaded.
2023-07-15 19:55:04 INFO: Configuration loaded from [xquota.conf]
2023-07-15 19:55:04 INFO: Unused add time=-10
2023-07-15 19:55:04 INFO: State loaded.
2023-07-15 19:56:27 INFO: Configuration loaded from [xquota.conf]
2023-07-15 19:56:27 INFO: Unused add time=-10
2023-07-15 19:56:27 INFO: State loaded.
2023-07-15 19:56:51 INFO: Configuration loaded from [xquota.conf]
2023-07-15 19:56:51 INFO: Unused add time=-10
2023-07-15 19:56:51 INFO: State loaded.
2023-07-15 20:14:07 INFO: Configuration loaded from [xquota.conf]
2023-07-15 20:14:07 INFO: Unused add time=-10
2023-07-15 20:14:07 INFO: State loaded.
2023-07-16 17:07:38 INFO: Configuration loaded from [xquota.conf]
2023-07-16 17:07:38 INFO: State loaded.
2023-07-16 17:08:13 INFO: Configuration loaded from [xquota.conf]
2023-07-16 17:08:13 INFO: State loaded.
2023-07-16 17:08:26 INFO: Configuration loaded from [xquota.conf]
2023-07-16 17:08:26 INFO: State loaded.
2023-07-16 17:09:17 INFO: Configuration loaded from [xquota.conf]
2023-07-16 17:09:17 INFO: Daemon started.
2023-07-16 17:09:17 INFO: State loaded.
2023-07-16 17:09:17 DEBUG: child uid=11783
2023-07-16 17:09:17 DEBUG: switching to uid=1000
2023-07-16 17:09:17 DEBUG: simulate killing 18444 + 0 other
2023-07-16 17:09:19 DEBUG: child uid=11800
2023-07-16 17:09:19 DEBUG: switching to uid=1000
2023-07-16 17:09:19 DEBUG: simulate killing 18444 + 0 other
2023-07-16 17:09:20 DEBUG: child uid=11811
2023-07-16 17:09:20 DEBUG: switching to uid=1000
2023-07-16 17:09:20 DEBUG: simulate killing 18444 + 0 other
2023-07-16 17:09:21 DEBUG: child uid=11822
2023-07-16 17:09:21 DEBUG: switching to uid=1000
2023-07-16 17:09:21 DEBUG: simulate killing 18444 + 0 other
2023-07-16 17:09:22 DEBUG: child uid=11830
2023-07-16 17:09:22 DEBUG: switching to uid=1000
2023-07-16 17:09:22 DEBUG: simulate killing 18444 + 0 other
2023-07-16 17:09:23 DEBUG: child uid=11838
2023-07-16 17:09:23 DEBUG: switching to uid=1000
2023-07-16 17:09:23 DEBUG: simulate killing 18444 + 0 other
2023-07-16 17:09:24 DEBUG: child uid=11846
2023-07-16 17:09:24 DEBUG: switching to uid=1000
2023-07-16 17:09:24 DEBUG: simulate killing 18444 + 0 other
2023-07-16 17:10:11 INFO: Configuration loaded from [xquota.conf]
2023-07-16 17:10:11 INFO: Daemon started.
2023-07-16 17:10:11 INFO: State loaded.
2023-07-16 17:10:11 DEBUG: simulate killing 18444 + 0 other
2023-07-16 17:10:16 DEBUG: simulate killing 18444 + 0 other
2023-07-16 17:10:21 DEBUG: simulate killing 18444 + 0 other
